<?xml version="1.0" encoding="UTF-8"?>
<coverage generated="1601775450868" clover="3.2.0">
  <project timestamp="1601775450869" name="All files">
    <metrics statements="9" coveredstatements="2" conditionals="0" coveredconditionals="0" methods="3" coveredmethods="1" elements="12" coveredelements="3" complexity="0" loc="9" ncloc="9" packages="2" files="5" classes="5"/>
    <package name="src">
      <metrics statements="1" coveredstatements="0" conditionals="0" coveredconditionals="0" methods="0" coveredmethods="0"/>
      <file name="App.vue" path="C:\Users\sebas\Documents\Codigos\WheelsUN\WheelsUS-Frontend\src\App.vue">
        <metrics statements="1" coveredstatements="0" conditionals="0" coveredconditionals="0" methods="0" coveredmethods="0"/>
        <line num="2" count="0" type="stmt"/>
      </file>
    </package>
    <package name="src.components">
      <metrics statements="8" coveredstatements="2" conditionals="0" coveredconditionals="0" methods="3" coveredmethods="1"/>
      <file name="Login.vue" path="C:\Users\sebas\Documents\Codigos\WheelsUN\WheelsUS-Frontend\src\components\Login.vue">
        <metrics statements="1" coveredstatements="0" conditionals="0" coveredconditionals="0" methods="0" coveredmethods="0"/>
        <line num="2" count="0" type="stmt"/>
      </file>
      <file name="RegistrarVehiculo.vue" path="C:\Users\sebas\Documents\Codigos\WheelsUN\WheelsUS-Frontend\src\components\RegistrarVehiculo.vue">
        <metrics statements="4" coveredstatements="0" conditionals="0" coveredconditionals="0" methods="1" coveredmethods="0"/>
        <line num="2" count="0" type="stmt"/>
        <line num="3" count="0" type="stmt"/>
        <line num="4" count="0" type="stmt"/>
        <line num="12" count="0" type="stmt"/>
      </file>
      <file name="Signup.vue" path="C:\Users\sebas\Documents\Codigos\WheelsUN\WheelsUS-Frontend\src\components\Signup.vue">
        <metrics statements="2" coveredstatements="2" conditionals="0" coveredconditionals="0" methods="1" coveredmethods="1"/>
        <line num="2" count="1" type="stmt"/>
        <line num="9" count="1" type="stmt"/>
      </file>
      <file name="Usuario.vue" path="C:\Users\sebas\Documents\Codigos\WheelsUN\WheelsUS-Frontend\src\components\Usuario.vue">
        <metrics statements="1" coveredstatements="0" conditionals="0" coveredconditionals="0" methods="1" coveredmethods="0"/>
        <line num="8" count="0" type="stmt"/>
      </file>
    </package>
  </project>
</coverage>
