{"C:\\Users\\sebas\\Documents\\Codigos\\WheelsUN\\WheelsUS-Frontend\\src\\App.vue": {"path":"C:\\Users\\sebas\\Documents\\Codigos\\WheelsUN\\WheelsUS-Frontend\\src\\App.vue","statementMap":{"0":{"start":{"line":2,"column":0},"end":{"line":2,"column":null}}},"fnMap":{},"branchMap":{},"s":{"0":0},"f":{},"b":{}}
,"C:\\Users\\sebas\\Documents\\Codigos\\WheelsUN\\WheelsUS-Frontend\\src\\components\\Login.vue": {"path":"C:\\Users\\sebas\\Documents\\Codigos\\WheelsUN\\WheelsUS-Frontend\\src\\components\\Login.vue","statementMap":{"0":{"start":{"line":2,"column":0},"end":{"line":2,"column":null}}},"fnMap":{},"branchMap":{},"s":{"0":0},"f":{},"b":{}}
,"C:\\Users\\sebas\\Documents\\Codigos\\WheelsUN\\WheelsUS-Frontend\\src\\components\\RegistrarVehiculo.vue": {"path":"C:\\Users\\sebas\\Documents\\Codigos\\WheelsUN\\WheelsUS-Frontend\\src\\components\\RegistrarVehiculo.vue","statementMap":{"0":{"start":{"line":2,"column":0},"end":{"line":2,"column":null}},"1":{"start":{"line":3,"column":0},"end":{"line":3,"column":null}},"2":{"start":{"line":4,"column":0},"end":{"line":4,"column":null}},"3":{"start":{"line":12,"column":0},"end":{"line":12,"column":null}}},"fnMap":{"0":{"name":"(anonymous_0)","decl":{"start":{"line":11,"column":0},"end":{"line":11,"column":null}},"loc":{"start":{"line":11,"column":0},"end":{"line":15,"column":null}}}},"branchMap":{},"s":{"0":0,"1":0,"2":0,"3":0},"f":{"0":0},"b":{}}
,"C:\\Users\\sebas\\Documents\\Codigos\\WheelsUN\\WheelsUS-Frontend\\src\\components\\Signup.vue": {"path":"C:\\Users\\sebas\\Documents\\Codigos\\WheelsUN\\WheelsUS-Frontend\\src\\components\\Signup.vue","statementMap":{"0":{"start":{"line":2,"column":0},"end":{"line":2,"column":null}},"1":{"start":{"line":9,"column":0},"end":{"line":9,"column":null}}},"fnMap":{"0":{"name":"(anonymous_0)","decl":{"start":{"line":8,"column":0},"end":{"line":8,"column":null}},"loc":{"start":{"line":8,"column":0},"end":{"line":12,"column":null}}}},"branchMap":{},"s":{"0":1,"1":1},"f":{"0":1},"b":{}}
,"C:\\Users\\sebas\\Documents\\Codigos\\WheelsUN\\WheelsUS-Frontend\\src\\components\\Usuario.vue": {"path":"C:\\Users\\sebas\\Documents\\Codigos\\WheelsUN\\WheelsUS-Frontend\\src\\components\\Usuario.vue","statementMap":{"0":{"start":{"line":8,"column":0},"end":{"line":8,"column":null}}},"fnMap":{"0":{"name":"(anonymous_0)","decl":{"start":{"line":7,"column":0},"end":{"line":7,"column":null}},"loc":{"start":{"line":7,"column":0},"end":{"line":10,"column":null}}}},"branchMap":{},"s":{"0":0},"f":{"0":0},"b":{}}
}
