TN:
SF:C:\Users\sebas\Documents\Codigos\WheelsUN\WheelsUS-Frontend\src\App.vue
FNF:0
FNH:0
DA:2,0
LF:1
LH:0
BRF:0
BRH:0
end_of_record
TN:
SF:C:\Users\sebas\Documents\Codigos\WheelsUN\WheelsUS-Frontend\src\components\Login.vue
FNF:0
FNH:0
DA:2,0
LF:1
LH:0
BRF:0
BRH:0
end_of_record
TN:
SF:C:\Users\sebas\Documents\Codigos\WheelsUN\WheelsUS-Frontend\src\components\RegistrarVehiculo.vue
FN:11,(anonymous_0)
FNF:1
FNH:0
FNDA:0,(anonymous_0)
DA:2,0
DA:3,0
DA:4,0
DA:12,0
LF:4
LH:0
BRF:0
BRH:0
end_of_record
TN:
SF:C:\Users\sebas\Documents\Codigos\WheelsUN\WheelsUS-Frontend\src\components\Signup.vue
FN:8,(anonymous_0)
FNF:1
FNH:1
FNDA:1,(anonymous_0)
DA:2,1
DA:9,1
LF:2
LH:2
BRF:0
BRH:0
end_of_record
TN:
SF:C:\Users\sebas\Documents\Codigos\WheelsUN\WheelsUS-Frontend\src\components\Usuario.vue
FN:7,(anonymous_0)
FNF:1
FNH:0
FNDA:0,(anonymous_0)
DA:8,0
LF:1
LH:0
BRF:0
BRH:0
end_of_record
